DROP PARTITON
Deleted /data/staged/customerconsolidation/customer/dt=20190225
root
 |-- AGE: string (nullable = true)
 |-- CITY: string (nullable = true)
 |-- CITY_ID: string (nullable = true)
 |-- COMMUTE_DISTANCE: string (nullable = true)
 |-- CONTINENT: string (nullable = true)
 |-- CONTINENT_ID: string (nullable = true)
 |-- COUNTRY: string (nullable = true)
 |-- COUNTRY_CODE: string (nullable = true)
 |-- COUNTRY_ID: string (nullable = true)
 |-- CREDIT_BALANCE: string (nullable = true)
 |-- CUST_ID: string (nullable = true)
 |-- DT: string (nullable = true)
 |-- EDUCATION: string (nullable = true)
 |-- EMAIL: string (nullable = true)
 |-- FIRST_NAME: string (nullable = true)
 |-- FULL_TIME: string (nullable = true)
 |-- GENDER: string (nullable = true)
 |-- HOUSEHOLD_SIZE: string (nullable = true)
 |-- INCOME: string (nullable = true)
 |-- INCOME_LEVEL: string (nullable = true)
 |-- INSUFF_FUNDS_INCIDENTS: string (nullable = true)
 |-- JOB_TYPE: string (nullable = true)
 |-- LAST_NAME: string (nullable = true)
 |-- LATE_MORT_RENT_PMTS: string (nullable = true)
 |-- MARITAL_STATUS: string (nullable = true)
 |-- MORTGAGE_AMT: string (nullable = true)
 |-- NUM_CARS: string (nullable = true)
 |-- NUM_MORTGAGES: string (nullable = true)
 |-- PET: string (nullable = true)
 |-- POSTAL_CODE: string (nullable = true)
 |-- PROMOTION_RESPONSE: string (nullable = true)
 |-- RENT_OWN: string (nullable = true)
 |-- SEG: string (nullable = true)
 |-- STATE_PROVINCE: string (nullable = true)
 |-- STATE_PROVINCE_ID: string (nullable = true)
 |-- STREET_ADDRESS: string (nullable = true)
 |-- USERNAME: string (nullable = true)
 |-- WORK_EXPERIENCE: string (nullable = true)
 |-- YRS_CURRENT_EMPLOYER: string (nullable = true)
 |-- YRS_CUSTOMER: string (nullable = true)
 |-- YRS_RESIDENCE: string (nullable = true)

root
 |-- cust_id: string (nullable = true)
 |-- first_name: string (nullable = true)
 |-- last_name: string (nullable = true)
 |-- street_address: string (nullable = true)
 |-- postal_code: string (nullable = true)
 |-- city_id: string (nullable = true)
 |-- city: string (nullable = true)
 |-- state_province_id: string (nullable = true)
 |-- state_province: string (nullable = true)
 |-- country_id: string (nullable = true)
 |-- country: string (nullable = true)
 |-- continent_id: string (nullable = true)
 |-- continent: string (nullable = true)
 |-- age: string (nullable = true)
 |-- commute_distance: string (nullable = true)
 |-- credit_balance: string (nullable = true)
 |-- education: string (nullable = true)
 |-- email: string (nullable = true)
 |-- full_time: string (nullable = true)
 |-- gender: string (nullable = true)
 |-- household_size: string (nullable = true)
 |-- income: string (nullable = true)
 |-- income_level: string (nullable = true)
 |-- insuff_funds_incidents: string (nullable = true)
 |-- job_type: string (nullable = true)
 |-- late_mort_rent_pmts: string (nullable = true)
 |-- marital_status: string (nullable = true)
 |-- mortgage_amt: string (nullable = true)
 |-- num_cars: string (nullable = true)
 |-- num_mortgages: string (nullable = true)
 |-- pet: string (nullable = true)
 |-- promotion_response: string (nullable = true)
 |-- rent_own: string (nullable = true)
 |-- seg: string (nullable = true)
 |-- work_experience: string (nullable = true)
 |-- yrs_current_employer: string (nullable = true)
 |-- yrs_customer: string (nullable = true)
 |-- yrs_residence: string (nullable = true)
 |-- country_code: string (nullable = true)
 |-- username: string (nullable = true)

